<?xml version="1.0" encoding="UTF-8"?>
<testsuite name="testing.GreeterTest" tests="2" skipped="0" failures="0" errors="0" timestamp="2017-10-04T08:35:59" hostname="brain" time="0.002">
  <properties/>
  <testcase name="nullSayHello" classname="testing.GreeterTest" time="0.002"/>
  <testcase name="testSayHello" classname="testing.GreeterTest" time="0.0"/>
  <system-out><![CDATA[Hello, world!

Hello, world!

]]></system-out>
  <system-err><![CDATA[]]></system-err>
</testsuite>
