<?xml version="1.0" encoding="UTF-8"?>
<testsuite name="testing.MatrixSumTest" tests="3" skipped="0" failures="0" errors="0" timestamp="2017-10-06T13:41:24" hostname="brain" time="0.003">
  <properties/>
  <testcase name="createUserMatrix" classname="testing.MatrixSumTest" time="0.002"/>
  <testcase name="calculateSum" classname="testing.MatrixSumTest" time="0.001"/>
  <testcase name="calculateSumNotNull" classname="testing.MatrixSumTest" time="0.0"/>
  <system-out><![CDATA[The start matrix is: 
0 0 1 4 4 
2 4 2 4 0 
4 2 0 4 0 
4 2 3 0 3 
2 2 3 0 2 
The sum on the main diagonal is: 0
The sum above main diagonal is: 0
The sum below main diagonal is: 0
The sum on the main diagonal is: 0
The sum above main diagonal is: 0
The sum below main diagonal is: 0
]]></system-out>
  <system-err><![CDATA[]]></system-err>
</testsuite>
