<?xml version="1.0" encoding="UTF-8"?>
<testsuite name="testing.CustomMatrixTest" tests="5" skipped="0" failures="0" errors="0" timestamp="2017-10-06T14:05:02" hostname="brain" time="0.014">
  <properties/>
  <testcase name="obtainNewMatrix" classname="testing.CustomMatrixTest" time="0.007"/>
  <testcase name="checkZeroMatrix" classname="testing.CustomMatrixTest" time="0.0"/>
  <testcase name="printObtainedMatrix" classname="testing.CustomMatrixTest" time="0.002"/>
  <testcase name="createMatrix" classname="testing.CustomMatrixTest" time="0.004"/>
  <testcase name="printZeroOrderMatrix" classname="testing.CustomMatrixTest" time="0.001"/>
  <system-out><![CDATA[The start square matrix is: 
1749919559 1346507292 -234297824 763014896 226835253 
67497155 1924679762 -1365089905 542059610 -1010745655 
-449081553 -23996792 902878111 -1043686564 -1017331690 
-1454067694 -1192783850 954418360 -1340734513 -324599662 
-1949730741 -295426833 -1729648124 -140576008 -336638752 
The obtained square matrix is: 
1749919559  0  0  0  0  
0  1924679762  0  0  0  
0  0  902878111  0  0  
0  0  1  -1340734513  1  
0  1  0  1  -336638752  
The start square matrix is: 
The start square matrix is: 
1421871701 -112624503 -2027448457 -1123943820 238858391 
1256840741 988789817 -1549893356 -996138220 -1546606076 
-1243697229 -147093658 1187975884 3467452 1830717392 
-1460731899 -1270410106 255500860 1630310321 -1269500309 
-936194555 253154539 912513541 -814263112 1131889273 
The obtained square matrix is: 
1421871701  0  0  0  0  
0  988789817  0  0  0  
0  0  1187975884  0  1  
0  0  0  1630310321  0  
0  0  0  0  1131889273  
The start square matrix is: 
-2144871848 -82885539 230066186 -96785496 758867650 
916990122 826053146 -1010905734 -573707808 -1693611151 
-1282395789 -619474376 -175464498 930656301 -1855745482 
-672635922 626551202 1772587031 1839823692 -1097269910 
-1396607208 1956201727 1597655724 1354918706 -1913035151 
The start square matrix is: 
The obtained square matrix is: 
]]></system-out>
  <system-err><![CDATA[]]></system-err>
</testsuite>
