<?xml version="1.0" encoding="UTF-8"?>
<testsuite name="testing.MatrixSumTest" tests="1" skipped="0" failures="0" errors="0" timestamp="2017-10-03T20:19:35" hostname="brain" time="0.005">
  <properties/>
  <testcase name="createUserMatrix" classname="testing.MatrixSumTest" time="0.005"/>
  <system-out><![CDATA[The start matrix is: 
0 1 1 3 1 
1 3 0 4 0 
3 2 2 0 0 
3 2 4 2 4 
0 4 1 1 4 
]]></system-out>
  <system-err><![CDATA[]]></system-err>
</testsuite>
