<?xml version="1.0" encoding="UTF-8"?>
<testsuite name="testing.GreeterTest" tests="2" skipped="0" failures="0" errors="0" timestamp="2017-10-03T20:19:35" hostname="brain" time="0.003">
  <properties/>
  <testcase name="nullSayHello" classname="testing.GreeterTest" time="0.003"/>
  <testcase name="testSayHello" classname="testing.GreeterTest" time="0.0"/>
  <system-out><![CDATA[]]></system-out>
  <system-err><![CDATA[]]></system-err>
</testsuite>
