<?xml version="1.0" encoding="UTF-8"?>
<testsuite name="testing.MatrixSumTest" tests="3" skipped="0" failures="0" errors="0" timestamp="2017-10-04T08:35:59" hostname="brain" time="0.004">
  <properties/>
  <testcase name="createUserMatrix" classname="testing.MatrixSumTest" time="0.003"/>
  <testcase name="calculateSum" classname="testing.MatrixSumTest" time="0.0"/>
  <testcase name="calculateSumNotNull" classname="testing.MatrixSumTest" time="0.001"/>
  <system-out><![CDATA[The start matrix is: 
1 1 3 0 0 
1 1 2 0 2 
2 0 1 0 4 
4 0 4 1 3 
0 4 2 0 4 
The sum on the main diagonal is: 0
The sum above main diagonal is: 0
The sum below main diagonal is: 0
The sum on the main diagonal is: 0
The sum above main diagonal is: 0
The sum below main diagonal is: 0
]]></system-out>
  <system-err><![CDATA[]]></system-err>
</testsuite>
